2013/05/09 17:16:47 [error] [exception.CHttpException.404] exception 'CHttpException' with message 'The system is unable to find the requested action "www.google.com.ve".' in /var/www/yii/framework/web/CController.php:483
Stack trace:
#0 /var/www/yii/framework/web/CController.php(270): CController->missingAction('www.google.com....')
#1 /var/www/yii/framework/web/CWebApplication.php(282): CController->run('www.google.com....')
#2 /var/www/yii/framework/web/CWebApplication.php(141): CWebApplication->runController('site/www.google...')
#3 /var/www/yii/framework/base/CApplication.php(169): CWebApplication->processRequest()
#4 /var/www/dummyClient/index.php(13): CApplication->run()
#5 {main}
REQUEST_URI=/dummyClient/index.php?r=site/www.google.com.ve
HTTP_REFERER=http://localhost/dummyClient/
---
2013/05/09 17:21:46 [error] [exception.CHttpException.404] exception 'CHttpException' with message 'The system is unable to find the requested action "www.google.com.ve".' in /var/www/yii/framework/web/CController.php:483
Stack trace:
#0 /var/www/yii/framework/web/CController.php(270): CController->missingAction('www.google.com....')
#1 /var/www/yii/framework/web/CWebApplication.php(282): CController->run('www.google.com....')
#2 /var/www/yii/framework/web/CWebApplication.php(141): CWebApplication->runController('site/www.google...')
#3 /var/www/yii/framework/base/CApplication.php(169): CWebApplication->processRequest()
#4 /var/www/dummyClient/index.php(13): CApplication->run()
#5 {main}
REQUEST_URI=/dummyClient/index.php?r=site/www.google.com.ve
HTTP_REFERER=http://localhost/dummyClient/index.php?r=site/www.google.com.ve
---
2013/05/09 17:21:48 [error] [exception.CHttpException.404] exception 'CHttpException' with message 'The system is unable to find the requested action "www.google.com.ve".' in /var/www/yii/framework/web/CController.php:483
Stack trace:
#0 /var/www/yii/framework/web/CController.php(270): CController->missingAction('www.google.com....')
#1 /var/www/yii/framework/web/CWebApplication.php(282): CController->run('www.google.com....')
#2 /var/www/yii/framework/web/CWebApplication.php(141): CWebApplication->runController('site/www.google...')
#3 /var/www/yii/framework/base/CApplication.php(169): CWebApplication->processRequest()
#4 /var/www/dummyClient/index.php(13): CApplication->run()
#5 {main}
REQUEST_URI=/dummyClient/index.php?r=site/www.google.com.ve
HTTP_REFERER=http://localhost/dummyClient/index.php?r=site/www.google.com.ve
---
2013/05/09 17:21:49 [error] [php] Undefined offset: 0 (/var/www/yii/framework/zii/widgets/CMenu.php:308)
Stack trace:
#0 /var/www/yii/framework/web/CBaseController.php(147): CMenu->init()
#1 /var/www/yii/framework/web/CBaseController.php(172): SiteController->createWidget()
#2 /var/www/dummyClient/protected/views/layouts/main.php(38): SiteController->widget()
#3 /var/www/yii/framework/web/CBaseController.php(126): require()
#4 /var/www/yii/framework/web/CBaseController.php(95): SiteController->renderInternal()
#5 /var/www/yii/framework/web/widgets/CContentDecorator.php(76): SiteController->renderFile()
#6 /var/www/yii/framework/web/widgets/CContentDecorator.php(54): CContentDecorator->decorate()
#7 /var/www/yii/framework/web/widgets/COutputProcessor.php(44): CContentDecorator->processOutput()
#8 /var/www/yii/framework/web/CBaseController.php(206): CContentDecorator->run()
#9 /var/www/yii/framework/web/CBaseController.php(300): SiteController->endWidget()
#10 /var/www/dummyClient/protected/views/layouts/column1.php(6): SiteController->endContent()
#11 /var/www/yii/framework/web/CBaseController.php(126): require()
#12 /var/www/yii/framework/web/CBaseController.php(95): SiteController->renderInternal()
#13 /var/www/yii/framework/web/CController.php(784): SiteController->renderFile()
#14 /var/www/dummyClient/protected/controllers/SiteController.php(32): SiteController->render()
#15 /var/www/yii/framework/web/actions/CInlineAction.php(49): SiteController->actionIndex()
#16 /var/www/yii/framework/web/CController.php(308): CInlineAction->runWithParams()
#17 /var/www/yii/framework/web/CController.php(286): SiteController->runAction()
#18 /var/www/yii/framework/web/CController.php(265): SiteController->runActionWithFilters()
#19 /var/www/yii/framework/web/CWebApplication.php(282): SiteController->run()
#20 /var/www/yii/framework/web/CWebApplication.php(141): CWebApplication->runController()
#21 /var/www/yii/framework/base/CApplication.php(169): CWebApplication->processRequest()
#22 /var/www/dummyClient/index.php(13): CWebApplication->run()
REQUEST_URI=/dummyClient/index.php?r=site/index
in /var/www/dummyClient/protected/views/layouts/main.php (38)
in /var/www/dummyClient/protected/views/layouts/column1.php (6)
in /var/www/dummyClient/protected/controllers/SiteController.php (32)
2013/05/09 17:22:45 [error] [php] Undefined offset: 0 (/var/www/yii/framework/zii/widgets/CMenu.php:308)
Stack trace:
#0 /var/www/yii/framework/web/CBaseController.php(147): CMenu->init()
#1 /var/www/yii/framework/web/CBaseController.php(172): SiteController->createWidget()
#2 /var/www/dummyClient/protected/views/layouts/main.php(38): SiteController->widget()
#3 /var/www/yii/framework/web/CBaseController.php(126): require()
#4 /var/www/yii/framework/web/CBaseController.php(95): SiteController->renderInternal()
#5 /var/www/yii/framework/web/widgets/CContentDecorator.php(76): SiteController->renderFile()
#6 /var/www/yii/framework/web/widgets/CContentDecorator.php(54): CContentDecorator->decorate()
#7 /var/www/yii/framework/web/widgets/COutputProcessor.php(44): CContentDecorator->processOutput()
#8 /var/www/yii/framework/web/CBaseController.php(206): CContentDecorator->run()
#9 /var/www/yii/framework/web/CBaseController.php(300): SiteController->endWidget()
#10 /var/www/dummyClient/protected/views/layouts/column1.php(6): SiteController->endContent()
#11 /var/www/yii/framework/web/CBaseController.php(126): require()
#12 /var/www/yii/framework/web/CBaseController.php(95): SiteController->renderInternal()
#13 /var/www/yii/framework/web/CController.php(784): SiteController->renderFile()
#14 /var/www/dummyClient/protected/controllers/SiteController.php(32): SiteController->render()
#15 /var/www/yii/framework/web/actions/CInlineAction.php(49): SiteController->actionIndex()
#16 /var/www/yii/framework/web/CController.php(308): CInlineAction->runWithParams()
#17 /var/www/yii/framework/web/CController.php(286): SiteController->runAction()
#18 /var/www/yii/framework/web/CController.php(265): SiteController->runActionWithFilters()
#19 /var/www/yii/framework/web/CWebApplication.php(282): SiteController->run()
#20 /var/www/yii/framework/web/CWebApplication.php(141): CWebApplication->runController()
#21 /var/www/yii/framework/base/CApplication.php(169): CWebApplication->processRequest()
#22 /var/www/dummyClient/index.php(13): CWebApplication->run()
REQUEST_URI=/dummyClient/index.php?r=site/index
in /var/www/dummyClient/protected/views/layouts/main.php (38)
in /var/www/dummyClient/protected/views/layouts/column1.php (6)
in /var/www/dummyClient/protected/controllers/SiteController.php (32)
2013/05/09 17:22:47 [error] [php] Undefined offset: 0 (/var/www/yii/framework/zii/widgets/CMenu.php:308)
Stack trace:
#0 /var/www/yii/framework/web/CBaseController.php(147): CMenu->init()
#1 /var/www/yii/framework/web/CBaseController.php(172): SiteController->createWidget()
#2 /var/www/dummyClient/protected/views/layouts/main.php(38): SiteController->widget()
#3 /var/www/yii/framework/web/CBaseController.php(126): require()
#4 /var/www/yii/framework/web/CBaseController.php(95): SiteController->renderInternal()
#5 /var/www/yii/framework/web/widgets/CContentDecorator.php(76): SiteController->renderFile()
#6 /var/www/yii/framework/web/widgets/CContentDecorator.php(54): CContentDecorator->decorate()
#7 /var/www/yii/framework/web/widgets/COutputProcessor.php(44): CContentDecorator->processOutput()
#8 /var/www/yii/framework/web/CBaseController.php(206): CContentDecorator->run()
#9 /var/www/yii/framework/web/CBaseController.php(300): SiteController->endWidget()
#10 /var/www/dummyClient/protected/views/layouts/column1.php(6): SiteController->endContent()
#11 /var/www/yii/framework/web/CBaseController.php(126): require()
#12 /var/www/yii/framework/web/CBaseController.php(95): SiteController->renderInternal()
#13 /var/www/yii/framework/web/CController.php(784): SiteController->renderFile()
#14 /var/www/dummyClient/protected/controllers/SiteController.php(32): SiteController->render()
#15 /var/www/yii/framework/web/actions/CInlineAction.php(49): SiteController->actionIndex()
#16 /var/www/yii/framework/web/CController.php(308): CInlineAction->runWithParams()
#17 /var/www/yii/framework/web/CController.php(286): SiteController->runAction()
#18 /var/www/yii/framework/web/CController.php(265): SiteController->runActionWithFilters()
#19 /var/www/yii/framework/web/CWebApplication.php(282): SiteController->run()
#20 /var/www/yii/framework/web/CWebApplication.php(141): CWebApplication->runController()
#21 /var/www/yii/framework/base/CApplication.php(169): CWebApplication->processRequest()
#22 /var/www/dummyClient/index.php(13): CWebApplication->run()
REQUEST_URI=/dummyClient/index.php?r=site/index
in /var/www/dummyClient/protected/views/layouts/main.php (38)
in /var/www/dummyClient/protected/views/layouts/column1.php (6)
in /var/www/dummyClient/protected/controllers/SiteController.php (32)
2013/05/09 17:23:43 [error] [php] Undefined offset: 0 (/var/www/yii/framework/zii/widgets/CMenu.php:308)
Stack trace:
#0 /var/www/yii/framework/web/CBaseController.php(147): CMenu->init()
#1 /var/www/yii/framework/web/CBaseController.php(172): SiteController->createWidget()
#2 /var/www/dummyClient/protected/views/layouts/main.php(38): SiteController->widget()
#3 /var/www/yii/framework/web/CBaseController.php(126): require()
#4 /var/www/yii/framework/web/CBaseController.php(95): SiteController->renderInternal()
#5 /var/www/yii/framework/web/widgets/CContentDecorator.php(76): SiteController->renderFile()
#6 /var/www/yii/framework/web/widgets/CContentDecorator.php(54): CContentDecorator->decorate()
#7 /var/www/yii/framework/web/widgets/COutputProcessor.php(44): CContentDecorator->processOutput()
#8 /var/www/yii/framework/web/CBaseController.php(206): CContentDecorator->run()
#9 /var/www/yii/framework/web/CBaseController.php(300): SiteController->endWidget()
#10 /var/www/dummyClient/protected/views/layouts/column1.php(6): SiteController->endContent()
#11 /var/www/yii/framework/web/CBaseController.php(126): require()
#12 /var/www/yii/framework/web/CBaseController.php(95): SiteController->renderInternal()
#13 /var/www/yii/framework/web/CController.php(784): SiteController->renderFile()
#14 /var/www/dummyClient/protected/controllers/SiteController.php(32): SiteController->render()
#15 /var/www/yii/framework/web/actions/CInlineAction.php(49): SiteController->actionIndex()
#16 /var/www/yii/framework/web/CController.php(308): CInlineAction->runWithParams()
#17 /var/www/yii/framework/web/CController.php(286): SiteController->runAction()
#18 /var/www/yii/framework/web/CController.php(265): SiteController->runActionWithFilters()
#19 /var/www/yii/framework/web/CWebApplication.php(282): SiteController->run()
#20 /var/www/yii/framework/web/CWebApplication.php(141): CWebApplication->runController()
#21 /var/www/yii/framework/base/CApplication.php(169): CWebApplication->processRequest()
#22 /var/www/dummyClient/index.php(13): CWebApplication->run()
REQUEST_URI=/dummyClient/index.php?r=site/index
in /var/www/dummyClient/protected/views/layouts/main.php (38)
in /var/www/dummyClient/protected/views/layouts/column1.php (6)
in /var/www/dummyClient/protected/controllers/SiteController.php (32)
2013/05/09 17:23:46 [error] [php] Undefined offset: 0 (/var/www/yii/framework/zii/widgets/CMenu.php:308)
Stack trace:
#0 /var/www/yii/framework/web/CBaseController.php(147): CMenu->init()
#1 /var/www/yii/framework/web/CBaseController.php(172): SiteController->createWidget()
#2 /var/www/dummyClient/protected/views/layouts/main.php(38): SiteController->widget()
#3 /var/www/yii/framework/web/CBaseController.php(126): require()
#4 /var/www/yii/framework/web/CBaseController.php(95): SiteController->renderInternal()
#5 /var/www/yii/framework/web/widgets/CContentDecorator.php(76): SiteController->renderFile()
#6 /var/www/yii/framework/web/widgets/CContentDecorator.php(54): CContentDecorator->decorate()
#7 /var/www/yii/framework/web/widgets/COutputProcessor.php(44): CContentDecorator->processOutput()
#8 /var/www/yii/framework/web/CBaseController.php(206): CContentDecorator->run()
#9 /var/www/yii/framework/web/CBaseController.php(300): SiteController->endWidget()
#10 /var/www/dummyClient/protected/views/layouts/column1.php(6): SiteController->endContent()
#11 /var/www/yii/framework/web/CBaseController.php(126): require()
#12 /var/www/yii/framework/web/CBaseController.php(95): SiteController->renderInternal()
#13 /var/www/yii/framework/web/CController.php(784): SiteController->renderFile()
#14 /var/www/dummyClient/protected/controllers/SiteController.php(32): SiteController->render()
#15 /var/www/yii/framework/web/actions/CInlineAction.php(49): SiteController->actionIndex()
#16 /var/www/yii/framework/web/CController.php(308): CInlineAction->runWithParams()
#17 /var/www/yii/framework/web/CController.php(286): SiteController->runAction()
#18 /var/www/yii/framework/web/CController.php(265): SiteController->runActionWithFilters()
#19 /var/www/yii/framework/web/CWebApplication.php(282): SiteController->run()
#20 /var/www/yii/framework/web/CWebApplication.php(141): CWebApplication->runController()
#21 /var/www/yii/framework/base/CApplication.php(169): CWebApplication->processRequest()
#22 /var/www/dummyClient/index.php(13): CWebApplication->run()
REQUEST_URI=/dummyClient/index.php?r=site/index
in /var/www/dummyClient/protected/views/layouts/main.php (38)
in /var/www/dummyClient/protected/views/layouts/column1.php (6)
in /var/www/dummyClient/protected/controllers/SiteController.php (32)
2013/05/09 17:25:24 [error] [php] Undefined offset: 0 (/var/www/yii/framework/zii/widgets/CMenu.php:308)
Stack trace:
#0 /var/www/yii/framework/web/CBaseController.php(147): CMenu->init()
#1 /var/www/yii/framework/web/CBaseController.php(172): SiteController->createWidget()
#2 /var/www/dummyClient/protected/views/layouts/main.php(38): SiteController->widget()
#3 /var/www/yii/framework/web/CBaseController.php(126): require()
#4 /var/www/yii/framework/web/CBaseController.php(95): SiteController->renderInternal()
#5 /var/www/yii/framework/web/widgets/CContentDecorator.php(76): SiteController->renderFile()
#6 /var/www/yii/framework/web/widgets/CContentDecorator.php(54): CContentDecorator->decorate()
#7 /var/www/yii/framework/web/widgets/COutputProcessor.php(44): CContentDecorator->processOutput()
#8 /var/www/yii/framework/web/CBaseController.php(206): CContentDecorator->run()
#9 /var/www/yii/framework/web/CBaseController.php(300): SiteController->endWidget()
#10 /var/www/dummyClient/protected/views/layouts/column1.php(6): SiteController->endContent()
#11 /var/www/yii/framework/web/CBaseController.php(126): require()
#12 /var/www/yii/framework/web/CBaseController.php(95): SiteController->renderInternal()
#13 /var/www/yii/framework/web/CController.php(784): SiteController->renderFile()
#14 /var/www/dummyClient/protected/controllers/SiteController.php(32): SiteController->render()
#15 /var/www/yii/framework/web/actions/CInlineAction.php(49): SiteController->actionIndex()
#16 /var/www/yii/framework/web/CController.php(308): CInlineAction->runWithParams()
#17 /var/www/yii/framework/web/CController.php(286): SiteController->runAction()
#18 /var/www/yii/framework/web/CController.php(265): SiteController->runActionWithFilters()
#19 /var/www/yii/framework/web/CWebApplication.php(282): SiteController->run()
#20 /var/www/yii/framework/web/CWebApplication.php(141): CWebApplication->runController()
#21 /var/www/yii/framework/base/CApplication.php(169): CWebApplication->processRequest()
#22 /var/www/dummyClient/index.php(13): CWebApplication->run()
REQUEST_URI=/dummyClient/index.php?r=site/index
in /var/www/dummyClient/protected/views/layouts/main.php (38)
in /var/www/dummyClient/protected/views/layouts/column1.php (6)
in /var/www/dummyClient/protected/controllers/SiteController.php (32)
2013/05/09 17:25:25 [error] [php] Undefined offset: 0 (/var/www/yii/framework/zii/widgets/CMenu.php:308)
Stack trace:
#0 /var/www/yii/framework/web/CBaseController.php(147): CMenu->init()
#1 /var/www/yii/framework/web/CBaseController.php(172): SiteController->createWidget()
#2 /var/www/dummyClient/protected/views/layouts/main.php(38): SiteController->widget()
#3 /var/www/yii/framework/web/CBaseController.php(126): require()
#4 /var/www/yii/framework/web/CBaseController.php(95): SiteController->renderInternal()
#5 /var/www/yii/framework/web/widgets/CContentDecorator.php(76): SiteController->renderFile()
#6 /var/www/yii/framework/web/widgets/CContentDecorator.php(54): CContentDecorator->decorate()
#7 /var/www/yii/framework/web/widgets/COutputProcessor.php(44): CContentDecorator->processOutput()
#8 /var/www/yii/framework/web/CBaseController.php(206): CContentDecorator->run()
#9 /var/www/yii/framework/web/CBaseController.php(300): SiteController->endWidget()
#10 /var/www/dummyClient/protected/views/layouts/column1.php(6): SiteController->endContent()
#11 /var/www/yii/framework/web/CBaseController.php(126): require()
#12 /var/www/yii/framework/web/CBaseController.php(95): SiteController->renderInternal()
#13 /var/www/yii/framework/web/CController.php(784): SiteController->renderFile()
#14 /var/www/dummyClient/protected/controllers/SiteController.php(32): SiteController->render()
#15 /var/www/yii/framework/web/actions/CInlineAction.php(49): SiteController->actionIndex()
#16 /var/www/yii/framework/web/CController.php(308): CInlineAction->runWithParams()
#17 /var/www/yii/framework/web/CController.php(286): SiteController->runAction()
#18 /var/www/yii/framework/web/CController.php(265): SiteController->runActionWithFilters()
#19 /var/www/yii/framework/web/CWebApplication.php(282): SiteController->run()
#20 /var/www/yii/framework/web/CWebApplication.php(141): CWebApplication->runController()
#21 /var/www/yii/framework/base/CApplication.php(169): CWebApplication->processRequest()
#22 /var/www/dummyClient/index.php(13): CWebApplication->run()
REQUEST_URI=/dummyClient/index.php?r=site/index
in /var/www/dummyClient/protected/views/layouts/main.php (38)
in /var/www/dummyClient/protected/views/layouts/column1.php (6)
in /var/www/dummyClient/protected/controllers/SiteController.php (32)
2013/05/09 17:27:27 [error] [exception.CHttpException.404] exception 'CHttpException' with message 'Unable to resolve the request "http://www.google.com".' in /var/www/yii/framework/web/CWebApplication.php:286
Stack trace:
#0 /var/www/yii/framework/web/CWebApplication.php(141): CWebApplication->runController('http://www.goog...')
#1 /var/www/yii/framework/base/CApplication.php(169): CWebApplication->processRequest()
#2 /var/www/dummyClient/index.php(13): CApplication->run()
#3 {main}
REQUEST_URI=/dummyClient/index.php?r=http://www.google.com
HTTP_REFERER=http://localhost/dummyClient/index.php?r=site/index
---
